2022-12-30 11:57:47,928:INFO:PyCaret Supervised Module
2022-12-30 11:57:47,928:INFO:ML Usecase: classification
2022-12-30 11:57:47,929:INFO:version 2.2.2
2022-12-30 11:57:47,929:INFO:Initializing setup()
2022-12-30 11:57:47,929:INFO:setup(target=242807    1.0
200401    0.0
53764     0.0
245602    1.0
2241      0.0
         ... 
73349     0.0
371403    1.0
312201    1.0
267336    1.0
128037    0.0
Name: Target, Length: 363921, dtype: float64, ml_usecase=classification, available_plots={'parameter': 'Hyperparameters', 'auc': 'AUC', 'confusion_matrix': 'Confusion Matrix', 'threshold': 'Threshold', 'pr': 'Precision Recall', 'error': 'Prediction Error', 'class_report': 'Class Report', 'rfe': 'Feature Selection', 'learning': 'Learning Curve', 'manifold': 'Manifold Learning', 'calibration': 'Calibration Curve', 'vc': 'Validation Curve', 'dimension': 'Dimensions', 'feature': 'Feature Importance', 'feature_all': 'Feature Importance (All)', 'boundary': 'Decision Boundary', 'lift': 'Lift Chart', 'gain': 'Gain Chart', 'tree': 'Decision Tree'}, train_size=0.7, test_data=None, preprocess=True, imputation_type=simple, iterative_imputation_iters=5, categorical_features=None, categorical_imputation=constant, categorical_iterative_imputer=lightgbm, ordinal_features=None, high_cardinality_features=None, high_cardinality_method=frequency, numeric_features=None, numeric_imputation=mean, numeric_iterative_imputer=lightgbm, date_features=None, ignore_features=None, normalize=False, normalize_method=zscore, transformation=False, transformation_method=yeo-johnson, handle_unknown_categorical=True, unknown_categorical_method=least_frequent, pca=False, pca_method=linear, pca_components=None, ignore_low_variance=False, combine_rare_levels=False, rare_level_threshold=0.1, bin_numeric_features=None, remove_outliers=False, outliers_threshold=0.05, remove_multicollinearity=False, multicollinearity_threshold=0.9, remove_perfect_collinearity=True, create_clusters=False, cluster_iter=20, polynomial_features=False, polynomial_degree=2, trigonometry_features=False, polynomial_threshold=0.1, group_features=None, group_names=None, feature_selection=False, feature_selection_threshold=0.8, feature_selection_method=classic, feature_interaction=False, feature_ratio=False, interaction_threshold=0.01, fix_imbalance=False, fix_imbalance_method=None, transform_target=False, transform_target_method=box-cox, data_split_shuffle=True, data_split_stratify=False, fold_strategy=stratifiedkfold, fold=10, fold_shuffle=False, fold_groups=None, n_jobs=-1, use_gpu=False, custom_pipeline=None, html=True, session_id=None, log_experiment=False, experiment_name=None, log_plots=False, log_profile=False, log_data=False, silent=False, verbose=True, profile=False, profile_kwargs=None, display=None)
2022-12-30 11:57:47,937:INFO:Checking environment
2022-12-30 11:57:47,937:INFO:python_version: 3.9.12
2022-12-30 11:57:47,937:INFO:python_build: ('main', 'Apr  4 2022 05:22:27')
2022-12-30 11:57:47,937:INFO:machine: AMD64
2022-12-30 11:57:47,937:INFO:platform: Windows-10-10.0.22621-SP0
2022-12-30 11:57:47,937:INFO:Memory: svmem(total=7448702976, available=1477541888, percent=80.2, used=5971161088, free=1477541888)
2022-12-30 11:57:47,937:INFO:Physical Core: 4
2022-12-30 11:57:47,937:INFO:Logical Core: 8
2022-12-30 11:57:47,937:INFO:Checking libraries
2022-12-30 11:57:47,938:INFO:pd==1.4.2
2022-12-30 11:57:47,938:INFO:numpy==1.21.5
2022-12-30 11:57:47,938:INFO:sklearn==1.1.3
2022-12-30 11:57:48,289:INFO:xgboost==1.7.2
2022-12-30 11:57:48,289:INFO:lightgbm==3.3.3
2022-12-30 11:57:48,570:INFO:catboost==1.1.1
2022-12-30 11:57:49,916:INFO:mlflow==2.1.1
2022-12-30 11:57:49,916:INFO:Checking Exceptions
2022-12-30 12:03:08,471:INFO:PyCaret Supervised Module
2022-12-30 12:03:08,472:INFO:ML Usecase: classification
2022-12-30 12:03:08,472:INFO:version 2.2.2
2022-12-30 12:03:08,472:INFO:Initializing setup()
2022-12-30 12:03:08,472:INFO:setup(target=Target, ml_usecase=classification, available_plots={'parameter': 'Hyperparameters', 'auc': 'AUC', 'confusion_matrix': 'Confusion Matrix', 'threshold': 'Threshold', 'pr': 'Precision Recall', 'error': 'Prediction Error', 'class_report': 'Class Report', 'rfe': 'Feature Selection', 'learning': 'Learning Curve', 'manifold': 'Manifold Learning', 'calibration': 'Calibration Curve', 'vc': 'Validation Curve', 'dimension': 'Dimensions', 'feature': 'Feature Importance', 'feature_all': 'Feature Importance (All)', 'boundary': 'Decision Boundary', 'lift': 'Lift Chart', 'gain': 'Gain Chart', 'tree': 'Decision Tree'}, train_size=0.7, test_data=None, preprocess=True, imputation_type=simple, iterative_imputation_iters=5, categorical_features=None, categorical_imputation=constant, categorical_iterative_imputer=lightgbm, ordinal_features=None, high_cardinality_features=None, high_cardinality_method=frequency, numeric_features=None, numeric_imputation=mean, numeric_iterative_imputer=lightgbm, date_features=None, ignore_features=None, normalize=False, normalize_method=zscore, transformation=False, transformation_method=yeo-johnson, handle_unknown_categorical=True, unknown_categorical_method=least_frequent, pca=False, pca_method=linear, pca_components=None, ignore_low_variance=False, combine_rare_levels=False, rare_level_threshold=0.1, bin_numeric_features=None, remove_outliers=False, outliers_threshold=0.05, remove_multicollinearity=False, multicollinearity_threshold=0.9, remove_perfect_collinearity=True, create_clusters=False, cluster_iter=20, polynomial_features=False, polynomial_degree=2, trigonometry_features=False, polynomial_threshold=0.1, group_features=None, group_names=None, feature_selection=False, feature_selection_threshold=0.8, feature_selection_method=classic, feature_interaction=False, feature_ratio=False, interaction_threshold=0.01, fix_imbalance=False, fix_imbalance_method=None, transform_target=False, transform_target_method=box-cox, data_split_shuffle=True, data_split_stratify=False, fold_strategy=stratifiedkfold, fold=10, fold_shuffle=False, fold_groups=None, n_jobs=-1, use_gpu=False, custom_pipeline=None, html=True, session_id=None, log_experiment=False, experiment_name=None, log_plots=False, log_profile=False, log_data=False, silent=False, verbose=True, profile=False, profile_kwargs=None, display=None)
2022-12-30 12:03:08,472:INFO:Checking environment
2022-12-30 12:03:08,472:INFO:python_version: 3.9.12
2022-12-30 12:03:08,473:INFO:python_build: ('main', 'Apr  4 2022 05:22:27')
2022-12-30 12:03:08,473:INFO:machine: AMD64
2022-12-30 12:03:08,473:INFO:platform: Windows-10-10.0.22621-SP0
2022-12-30 12:03:08,473:INFO:Memory: svmem(total=7448702976, available=796831744, percent=89.3, used=6651871232, free=796831744)
2022-12-30 12:03:08,473:INFO:Physical Core: 4
2022-12-30 12:03:08,473:INFO:Logical Core: 8
2022-12-30 12:03:08,473:INFO:Checking libraries
2022-12-30 12:03:08,473:INFO:pd==1.4.2
2022-12-30 12:03:08,473:INFO:numpy==1.21.5
2022-12-30 12:03:08,473:INFO:sklearn==1.1.3
2022-12-30 12:03:08,473:INFO:xgboost==1.7.2
2022-12-30 12:03:08,473:INFO:lightgbm==3.3.3
2022-12-30 12:03:08,473:INFO:catboost==1.1.1
2022-12-30 12:03:08,473:INFO:mlflow==2.1.1
2022-12-30 12:03:08,473:INFO:Checking Exceptions
2022-12-30 12:03:08,474:INFO:Declaring global variables
2022-12-30 12:03:08,474:INFO:USI: d4f7
2022-12-30 12:03:08,474:INFO:pycaret_globals: {'gpu_param', 'fold_param', 'fix_imbalance_method_param', 'display_container', 'fold_shuffle_param', 'imputation_classifier', 'iterative_imputation_iters_param', 'experiment__', 'stratify_param', 'X', 'html_param', '_all_models_internal', 'seed', 'create_model_container', '_all_metrics', '_ml_usecase', 'y_test', 'USI', 'target_param', 'pycaret_globals', 'data_before_preprocess', 'fix_imbalance_param', 'imputation_regressor', '_all_models', 'y', 'prep_pipe', 'log_plots_param', 'n_jobs_param', 'X_train', 'exp_name_log', 'master_model_container', 'y_train', '_available_plots', 'fold_groups_param', 'X_test', 'fold_generator', '_internal_pipeline', 'transform_target_param', 'transform_target_method_param', '_gpu_n_jobs_param', 'logging_param'}
2022-12-30 12:03:08,474:INFO:Preparing display monitor
2022-12-30 12:03:08,474:INFO:Preparing display monitor
2022-12-30 12:03:08,489:INFO:Importing libraries
2022-12-30 12:03:08,490:INFO:Copying data for preprocessing
2022-12-30 12:03:08,622:INFO:Declaring preprocessing parameters
2022-12-30 12:03:08,691:INFO:Creating preprocessing pipeline
2022-12-30 12:03:09,681:INFO:Preprocessing pipeline created successfully
2022-12-30 12:03:09,681:ERROR:(Process Exit): setup has been interupted with user command 'quit'. setup must rerun.
2022-12-30 12:03:09,681:INFO:Creating global containers
2022-12-30 12:04:33,196:INFO:PyCaret Supervised Module
2022-12-30 12:04:33,196:INFO:ML Usecase: classification
2022-12-30 12:04:33,197:INFO:version 2.2.2
2022-12-30 12:04:33,197:INFO:Initializing setup()
2022-12-30 12:04:33,197:INFO:setup(target=Target, ml_usecase=classification, available_plots={'parameter': 'Hyperparameters', 'auc': 'AUC', 'confusion_matrix': 'Confusion Matrix', 'threshold': 'Threshold', 'pr': 'Precision Recall', 'error': 'Prediction Error', 'class_report': 'Class Report', 'rfe': 'Feature Selection', 'learning': 'Learning Curve', 'manifold': 'Manifold Learning', 'calibration': 'Calibration Curve', 'vc': 'Validation Curve', 'dimension': 'Dimensions', 'feature': 'Feature Importance', 'feature_all': 'Feature Importance (All)', 'boundary': 'Decision Boundary', 'lift': 'Lift Chart', 'gain': 'Gain Chart', 'tree': 'Decision Tree'}, train_size=0.7, test_data=None, preprocess=True, imputation_type=simple, iterative_imputation_iters=5, categorical_features=None, categorical_imputation=constant, categorical_iterative_imputer=lightgbm, ordinal_features=None, high_cardinality_features=None, high_cardinality_method=frequency, numeric_features=None, numeric_imputation=mean, numeric_iterative_imputer=lightgbm, date_features=None, ignore_features=None, normalize=False, normalize_method=zscore, transformation=False, transformation_method=yeo-johnson, handle_unknown_categorical=True, unknown_categorical_method=least_frequent, pca=False, pca_method=linear, pca_components=None, ignore_low_variance=False, combine_rare_levels=False, rare_level_threshold=0.1, bin_numeric_features=None, remove_outliers=False, outliers_threshold=0.05, remove_multicollinearity=False, multicollinearity_threshold=0.9, remove_perfect_collinearity=True, create_clusters=False, cluster_iter=20, polynomial_features=False, polynomial_degree=2, trigonometry_features=False, polynomial_threshold=0.1, group_features=None, group_names=None, feature_selection=False, feature_selection_threshold=0.8, feature_selection_method=classic, feature_interaction=False, feature_ratio=False, interaction_threshold=0.01, fix_imbalance=False, fix_imbalance_method=None, transform_target=False, transform_target_method=box-cox, data_split_shuffle=True, data_split_stratify=False, fold_strategy=stratifiedkfold, fold=10, fold_shuffle=True, fold_groups=None, n_jobs=-1, use_gpu=False, custom_pipeline=None, html=True, session_id=None, log_experiment=False, experiment_name=None, log_plots=False, log_profile=False, log_data=False, silent=False, verbose=True, profile=False, profile_kwargs=None, display=None)
2022-12-30 12:04:33,197:INFO:Checking environment
2022-12-30 12:04:33,197:INFO:python_version: 3.9.12
2022-12-30 12:04:33,197:INFO:python_build: ('main', 'Apr  4 2022 05:22:27')
2022-12-30 12:04:33,197:INFO:machine: AMD64
2022-12-30 12:04:33,197:INFO:platform: Windows-10-10.0.22621-SP0
2022-12-30 12:04:33,197:INFO:Memory: svmem(total=7448702976, available=498507776, percent=93.3, used=6950195200, free=498507776)
2022-12-30 12:04:33,197:INFO:Physical Core: 4
2022-12-30 12:04:33,197:INFO:Logical Core: 8
2022-12-30 12:04:33,198:INFO:Checking libraries
2022-12-30 12:04:33,198:INFO:pd==1.4.2
2022-12-30 12:04:33,198:INFO:numpy==1.21.5
2022-12-30 12:04:33,198:INFO:sklearn==1.1.3
2022-12-30 12:04:33,198:INFO:xgboost==1.7.2
2022-12-30 12:04:33,198:INFO:lightgbm==3.3.3
2022-12-30 12:04:33,198:INFO:catboost==1.1.1
2022-12-30 12:04:33,198:INFO:mlflow==2.1.1
2022-12-30 12:04:33,198:INFO:Checking Exceptions
2022-12-30 12:04:33,198:INFO:Declaring global variables
2022-12-30 12:04:33,198:INFO:USI: a854
2022-12-30 12:04:33,199:INFO:pycaret_globals: {'gpu_param', 'fold_param', 'fix_imbalance_method_param', 'display_container', 'fold_shuffle_param', 'imputation_classifier', 'iterative_imputation_iters_param', 'experiment__', 'stratify_param', 'X', 'html_param', '_all_models_internal', 'seed', 'create_model_container', '_all_metrics', '_ml_usecase', 'y_test', 'USI', 'target_param', 'pycaret_globals', 'data_before_preprocess', 'fix_imbalance_param', 'imputation_regressor', '_all_models', 'y', 'prep_pipe', 'log_plots_param', 'n_jobs_param', 'X_train', 'exp_name_log', 'master_model_container', 'y_train', '_available_plots', 'fold_groups_param', 'X_test', 'fold_generator', '_internal_pipeline', 'transform_target_param', 'transform_target_method_param', '_gpu_n_jobs_param', 'logging_param'}
2022-12-30 12:04:33,199:INFO:Preparing display monitor
2022-12-30 12:04:33,199:INFO:Preparing display monitor
2022-12-30 12:04:33,217:INFO:Importing libraries
2022-12-30 12:04:33,217:INFO:Copying data for preprocessing
2022-12-30 12:04:33,346:INFO:Declaring preprocessing parameters
2022-12-30 12:04:33,415:INFO:Creating preprocessing pipeline
2022-12-30 12:04:34,372:INFO:Preprocessing pipeline created successfully
2022-12-30 12:04:34,372:ERROR:(Process Exit): setup has been interupted with user command 'quit'. setup must rerun.
2022-12-30 12:04:34,372:INFO:Creating global containers
2022-12-30 12:04:34,372:INFO:Internal pipeline: Pipeline(memory=None, steps=[('empty_step', 'passthrough')], verbose=False)
2022-12-30 12:04:53,510:INFO:Creating grid variables
2022-12-30 12:04:53,550:INFO:create_model_container: 0
2022-12-30 12:04:53,550:INFO:master_model_container: 0
2022-12-30 12:04:53,550:INFO:display_container: 0
2022-12-30 12:05:46,348:INFO:Initializing compare_models()
2022-12-30 12:05:46,348:INFO:compare_models(include=None, fold=None, round=4, cross_validation=True, sort=Accuracy, n_select=1, budget_time=None, turbo=True, errors=ignore, fit_kwargs=None, groups=None, verbose=True, display=None, exclude=None)
2022-12-30 12:05:46,348:INFO:Checking exceptions
2022-12-30 12:05:46,381:INFO:Preparing display monitor
2022-12-30 12:05:46,382:INFO:Preparing display monitor
2022-12-30 12:05:46,426:INFO:Initializing Logistic Regression
2022-12-30 12:05:46,426:INFO:Total runtime is 0.0 minutes
2022-12-30 12:05:46,437:INFO:SubProcess create_model() called ==================================
2022-12-30 12:05:46,437:INFO:Initializing create_model()
2022-12-30 12:05:46,437:INFO:create_model(estimator=lr, fold=StratifiedKFold(n_splits=10, random_state=2394, shuffle=True), round=4, cross_validation=True, predict=True, fit_kwargs={}, groups=None, refit=False, verbose=False, system=False, metrics=None, display=<pycaret.internal.Display.Display object at 0x0000021138B97880>, kwargs={})
2022-12-30 12:05:46,437:INFO:Checking exceptions
2022-12-30 12:05:46,438:INFO:Importing libraries
2022-12-30 12:05:46,438:INFO:Copying training dataset
2022-12-30 12:05:46,448:INFO:Defining folds
2022-12-30 12:05:46,448:INFO:Declaring metric variables
2022-12-30 12:05:46,456:INFO:Importing untrained model
2022-12-30 12:05:46,466:INFO:Logistic Regression Imported succesfully
2022-12-30 12:05:46,490:INFO:Starting cross validation
2022-12-30 12:05:46,491:INFO:Cross validating with StratifiedKFold(n_splits=10, random_state=2394, shuffle=True), n_jobs=-1
2022-12-30 12:06:15,923:INFO:Calculating mean and std
2022-12-30 12:06:15,923:INFO:Creating metrics dataframe
2022-12-30 12:06:15,994:INFO:Uploading results into container
2022-12-30 12:06:15,994:INFO:Uploading model into container now
2022-12-30 12:06:15,994:INFO:create_model_container: 1
2022-12-30 12:06:15,994:INFO:master_model_container: 1
2022-12-30 12:06:15,994:INFO:display_container: 1
2022-12-30 12:06:15,994:INFO:LogisticRegression(C=1.0, class_weight=None, dual=False, fit_intercept=True,
                   intercept_scaling=1, l1_ratio=None, max_iter=1000,
                   multi_class='auto', n_jobs=None, penalty='l2',
                   random_state=2394, solver='lbfgs', tol=0.0001, verbose=0,
                   warm_start=False)
2022-12-30 12:06:15,994:INFO:create_model() succesfully completed......................................
2022-12-30 12:06:16,220:WARNING:create_model() for LogisticRegression(C=1.0, class_weight=None, dual=False, fit_intercept=True,
                   intercept_scaling=1, l1_ratio=None, max_iter=1000,
                   multi_class='auto', n_jobs=None, penalty='l2',
                   random_state=2394, solver='lbfgs', tol=0.0001, verbose=0,
                   warm_start=False) raised an exception or returned all 0.0, trying without fit_kwargs:
2022-12-30 12:06:16,236:WARNING:Traceback (most recent call last):
  File "D:\Anaconda\lib\site-packages\pycaret\internal\tabular.py", line 2149, in compare_models
    assert np.sum(model_results.iloc[0]) != 0.0
AssertionError

2022-12-30 12:06:16,236:INFO:Initializing create_model()
2022-12-30 12:06:16,236:INFO:create_model(estimator=LogisticRegression(C=1.0, class_weight=None, dual=False, fit_intercept=True,
                   intercept_scaling=1, l1_ratio=None, max_iter=1000,
                   multi_class='auto', n_jobs=None, penalty='l2',
                   random_state=2394, solver='lbfgs', tol=0.0001, verbose=0,
                   warm_start=False), fold=StratifiedKFold(n_splits=10, random_state=2394, shuffle=True), round=4, cross_validation=True, predict=True, fit_kwargs=None, groups=None, refit=False, verbose=False, system=False, metrics=None, display=<pycaret.internal.Display.Display object at 0x0000021138B97880>, kwargs={})
2022-12-30 12:06:16,236:INFO:Checking exceptions
2022-12-30 12:06:16,236:INFO:Importing libraries
2022-12-30 12:06:16,236:INFO:Copying training dataset
2022-12-30 12:06:16,236:INFO:Defining folds
2022-12-30 12:06:16,236:INFO:Declaring metric variables
2022-12-30 12:06:16,257:INFO:Importing untrained model
2022-12-30 12:06:16,257:INFO:Declaring custom model
2022-12-30 12:06:16,271:INFO:Logistic Regression Imported succesfully
2022-12-30 12:06:16,293:INFO:Starting cross validation
2022-12-30 12:06:16,294:INFO:Cross validating with StratifiedKFold(n_splits=10, random_state=2394, shuffle=True), n_jobs=-1
2022-12-30 12:06:31,143:INFO:Calculating mean and std
2022-12-30 12:06:31,143:INFO:Creating metrics dataframe
2022-12-30 12:06:31,189:INFO:Uploading results into container
2022-12-30 12:06:31,204:INFO:Uploading model into container now
2022-12-30 12:06:31,204:INFO:create_model_container: 2
2022-12-30 12:06:31,204:INFO:master_model_container: 2
2022-12-30 12:06:31,204:INFO:display_container: 1
2022-12-30 12:06:31,204:INFO:LogisticRegression(C=1.0, class_weight=None, dual=False, fit_intercept=True,
                   intercept_scaling=1, l1_ratio=None, max_iter=1000,
                   multi_class='auto', n_jobs=None, penalty='l2',
                   random_state=2394, solver='lbfgs', tol=0.0001, verbose=0,
                   warm_start=False)
2022-12-30 12:06:31,204:INFO:create_model() succesfully completed......................................
2022-12-30 12:06:31,428:INFO:SubProcess create_model() end ==================================
2022-12-30 12:06:31,428:INFO:Creating metrics dataframe
2022-12-30 12:06:31,466:INFO:Initializing K Neighbors Classifier
2022-12-30 12:06:31,466:INFO:Total runtime is 0.7506668170293173 minutes
2022-12-30 12:06:31,479:INFO:SubProcess create_model() called ==================================
2022-12-30 12:06:31,480:INFO:Initializing create_model()
2022-12-30 12:06:31,480:INFO:create_model(estimator=knn, fold=StratifiedKFold(n_splits=10, random_state=2394, shuffle=True), round=4, cross_validation=True, predict=True, fit_kwargs={}, groups=None, refit=False, verbose=False, system=False, metrics=None, display=<pycaret.internal.Display.Display object at 0x0000021138B97880>, kwargs={})
2022-12-30 12:06:31,480:INFO:Checking exceptions
2022-12-30 12:06:31,481:INFO:Importing libraries
2022-12-30 12:06:31,481:INFO:Copying training dataset
2022-12-30 12:06:31,491:INFO:Defining folds
2022-12-30 12:06:31,492:INFO:Declaring metric variables
2022-12-30 12:06:31,501:INFO:Importing untrained model
2022-12-30 12:06:31,514:INFO:K Neighbors Classifier Imported succesfully
2022-12-30 12:06:31,538:INFO:Starting cross validation
2022-12-30 12:06:31,539:INFO:Cross validating with StratifiedKFold(n_splits=10, random_state=2394, shuffle=True), n_jobs=-1
